<?xml version="1.0" encoding="UTF-8"?>
<!-- Generated by org.testng.reporters.JUnitXMLReporter -->
<testsuite hostname="ideliver29" ignored="2" name="Test" tests="2" failures="1" timestamp="25 Nov 2020 17:13:05 GMT" time="29.197" errors="0">
  <testcase name="ReorderTest" time="0.067" classname="com.AP.qa.test.TC003_Reorder_Products_Checkout_3">
    <failure type="java.lang.NullPointerException">
      <![CDATA[java.lang.NullPointerException
at java.util.Objects.requireNonNull(Objects.java:203)
at org.openqa.selenium.support.ui.FluentWait.<init>(FluentWait.java:106)
at org.openqa.selenium.support.ui.WebDriverWait.<init>(WebDriverWait.java:85)
at org.openqa.selenium.support.ui.WebDriverWait.<init>(WebDriverWait.java:64)
at com.AP.qa.base.BasePage.<init>(BasePage.java:24)
at com.AP.qa.pages.LoginPage.<init>(LoginPage.java:38)
at com.AP.qa.util.OracleFunctions.<init>(OracleFunctions.java:20)
at com.AP.qa.test.TC003_Reorder_Products_Checkout_3.ReorderTest(TC003_Reorder_Products_Checkout_3.java:25)
at java.util.concurrent.ThreadPoolExecutor.runWorker(ThreadPoolExecutor.java:1149)
at java.util.concurrent.ThreadPoolExecutor$Worker.run(ThreadPoolExecutor.java:624)
at java.lang.Thread.run(Thread.java:748)
... Removed 10 stack frames]]>
    </failure>
  </testcase> <!-- ReorderTest -->
  <testcase name="LoginTest" time="29.029" classname="com.AP.qa.test.TC001_Single_Product_Checkout"/>
  <testcase name="@BeforeSuite beforeSuite" time="0.0" classname="com.AP.qa.base.TestBase">
    <ignored/>
  </testcase> <!-- @BeforeSuite beforeSuite -->
  <testcase name="@AfterSuite afterSuite" time="0.0" classname="com.AP.qa.base.TestBase">
    <ignored/>
  </testcase> <!-- @AfterSuite afterSuite -->
</testsuite> <!-- Test -->
