<?xml version="1.0" encoding="UTF-8"?>
<!-- Generated by org.testng.reporters.JUnitXMLReporter -->
<testsuite hostname="iDeliver36" name="Test2" tests="4" failures="0" timestamp="13 Nov 2020 11:18:29 GMT" time="35.279" errors="0">
  <testcase name="LoginTest" time="5.36" classname="com.AP.qa.test.TC003_Reorder_Products_Checkout_3"/>
  <testcase name="ReorderTest" time="6.053" classname="com.AP.qa.test.TC003_Reorder_Products_Checkout_3"/>
  <testcase name="PaymentTest" time="9.099" classname="com.AP.qa.test.TC003_Reorder_Products_Checkout_3"/>
  <testcase name="LogoutTest" time="3.259" classname="com.AP.qa.test.TC003_Reorder_Products_Checkout_3"/>
</testsuite> <!-- Test2 -->
