<?xml version="1.0" encoding="UTF-8"?>
<testng-results skipped="0" failed="1" ignored="2" total="4" passed="1">
  <reporter-output>
  </reporter-output>
  <suite name="Suite" duration-ms="29197" started-at="2020-11-25T17:12:36Z" finished-at="2020-11-25T17:13:05Z">
    <groups>
    </groups>
    <test name="Test" duration-ms="29197" started-at="2020-11-25T17:12:36Z" finished-at="2020-11-25T17:13:05Z">
      <class name="com.AP.qa.test.TC003_Reorder_Products_Checkout_3">
        <test-method status="FAIL" signature="ReorderTest()[pri:0, instance:com.AP.qa.test.TC003_Reorder_Products_Checkout_3@589838eb]" name="ReorderTest" duration-ms="67" started-at="2020-11-25T17:12:36Z" finished-at="2020-11-25T17:12:36Z">
          <exception class="java.lang.NullPointerException">
            <full-stacktrace>
              <![CDATA[java.lang.NullPointerException
at java.util.Objects.requireNonNull(Objects.java:203)
at org.openqa.selenium.support.ui.FluentWait.<init>(FluentWait.java:106)
at org.openqa.selenium.support.ui.WebDriverWait.<init>(WebDriverWait.java:85)
at org.openqa.selenium.support.ui.WebDriverWait.<init>(WebDriverWait.java:64)
at com.AP.qa.base.BasePage.<init>(BasePage.java:24)
at com.AP.qa.pages.LoginPage.<init>(LoginPage.java:38)
at com.AP.qa.util.OracleFunctions.<init>(OracleFunctions.java:20)
at com.AP.qa.test.TC003_Reorder_Products_Checkout_3.ReorderTest(TC003_Reorder_Products_Checkout_3.java:25)
at sun.reflect.NativeMethodAccessorImpl.invoke0(Native Method)
at sun.reflect.NativeMethodAccessorImpl.invoke(NativeMethodAccessorImpl.java:62)
at sun.reflect.DelegatingMethodAccessorImpl.invoke(DelegatingMethodAccessorImpl.java:43)
at java.lang.reflect.Method.invoke(Method.java:498)
at org.testng.internal.MethodInvocationHelper.invokeMethod(MethodInvocationHelper.java:124)
at org.testng.internal.Invoker.invokeMethod(Invoker.java:583)
at org.testng.internal.Invoker.invokeTestMethod(Invoker.java:719)
at org.testng.internal.Invoker.invokeTestMethods(Invoker.java:989)
at org.testng.internal.TestMethodWorker.invokeTestMethods(TestMethodWorker.java:125)
at org.testng.internal.TestMethodWorker.run(TestMethodWorker.java:109)
at java.util.concurrent.ThreadPoolExecutor.runWorker(ThreadPoolExecutor.java:1149)
at java.util.concurrent.ThreadPoolExecutor$Worker.run(ThreadPoolExecutor.java:624)
at java.lang.Thread.run(Thread.java:748)
]]>
            </full-stacktrace>
          </exception> <!-- java.lang.NullPointerException -->
          <reporter-output>
          </reporter-output>
        </test-method> <!-- ReorderTest -->
      </class> <!-- com.AP.qa.test.TC003_Reorder_Products_Checkout_3 -->
      <class name="com.AP.qa.test.TC001_Single_Product_Checkout">
        <test-method status="PASS" signature="beforeSuite()[pri:0, instance:com.AP.qa.test.TC001_Single_Product_Checkout@271053e1]" name="beforeSuite" is-config="true" duration-ms="19499" started-at="2020-11-25T17:12:16Z" finished-at="2020-11-25T17:12:36Z">
          <reporter-output>
          </reporter-output>
        </test-method> <!-- beforeSuite -->
        <test-method status="PASS" signature="LoginTest()[pri:1, instance:com.AP.qa.test.TC001_Single_Product_Checkout@271053e1]" name="LoginTest" duration-ms="29029" started-at="2020-11-25T17:12:36Z" finished-at="2020-11-25T17:13:05Z">
          <reporter-output>
          </reporter-output>
        </test-method> <!-- LoginTest -->
        <test-method status="PASS" signature="afterSuite()[pri:0, instance:com.AP.qa.test.TC001_Single_Product_Checkout@271053e1]" name="afterSuite" is-config="true" duration-ms="914" started-at="2020-11-25T17:13:06Z" finished-at="2020-11-25T17:13:07Z">
          <reporter-output>
          </reporter-output>
        </test-method> <!-- afterSuite -->
      </class> <!-- com.AP.qa.test.TC001_Single_Product_Checkout -->
    </test> <!-- Test -->
  </suite> <!-- Suite -->
</testng-results>
